# JRE version: Java(TM) SE Runtime Environment 18.9 (11.0.18+9) (build 11.0.18+9-LTS-195)
# Java VM: Java HotSpot(TM) 64-Bit Server VM 18.9 (11.0.18+9-LTS-195, mixed mode, tiered, compressed oops, g1 gc, windows-amd64)
Heap:
 garbage-first heap   total 349184K, used 150850K [0x0000000701a00000, 0x0000000800000000)
  region size 1024K, 19 young (19456K), 1 survivors (1024K)
 Metaspace       used 42961K, capacity 44152K, committed 44412K, reserved 1089536K
  class space    used 4759K, capacity 5325K, committed 5376K, reserved 1048576K
GC Heap History (10 events):
Event: 158.772 GC heap before
{Heap before GC invocations=274 (full 0):
 garbage-first heap   total 349184K, used 151827K [0x0000000701a00000, 0x0000000800000000)
  region size 1024K, 2 young (2048K), 1 survivors (1024K)
 Metaspace       used 42842K, capacity 44074K, committed 44156K, reserved 1087488K
  class space    used 4755K, capacity 5321K, committed 5376K, reserved 1048576K
}
Event: 158.773 GC heap after
{Heap after GC invocations=275 (full 0):
 garbage-first heap   total 349184K, used 84253K [0x0000000701a00000, 0x0000000800000000)
  region size 1024K, 1 young (1024K), 1 survivors (1024K)
 Metaspace       used 42842K, capacity 44074K, committed 44156K, reserved 1087488K
  class space    used 4755K, capacity 5321K, committed 5376K, reserved 1048576K
}
Event: 160.261 GC heap before
{Heap before GC invocations=276 (full 0):
 garbage-first heap   total 349184K, used 151837K [0x0000000701a00000, 0x0000000800000000)
  region size 1024K, 2 young (2048K), 1 survivors (1024K)
 Metaspace       used 42846K, capacity 44074K, committed 44156K, reserved 1087488K
  class space    used 4755K, capacity 5321K, committed 5376K, reserved 1048576K
}
Event: 160.262 GC heap after
{Heap after GC invocations=277 (full 0):
 garbage-first heap   total 349184K, used 84259K [0x0000000701a00000, 0x0000000800000000)
  region size 1024K, 1 young (1024K), 1 survivors (1024K)
 Metaspace       used 42846K, capacity 44074K, committed 44156K, reserved 1087488K
  class space    used 4755K, capacity 5321K, committed 5376K, reserved 1048576K
}
Event: 161.763 GC heap before
{Heap before GC invocations=278 (full 0):
 garbage-first heap   total 349184K, used 151843K [0x0000000701a00000, 0x0000000800000000)
  region size 1024K, 2 young (2048K), 1 survivors (1024K)
 Metaspace       used 42846K, capacity 44074K, committed 44156K, reserved 1087488K
  class space    used 4755K, capacity 5321K, committed 5376K, reserved 1048576K
}
Event: 161.765 GC heap after
{Heap after GC invocations=279 (full 0):
 garbage-first heap   total 349184K, used 84267K [0x0000000701a00000, 0x0000000800000000)
  region size 1024K, 1 young (1024K), 1 survivors (1024K)
 Metaspace       used 42846K, capacity 44074K, committed 44156K, reserved 1087488K
  class space    used 4755K, capacity 5321K, committed 5376K, reserved 1048576K
}
Event: 163.270 GC heap before
{Heap before GC invocations=280 (full 0):
 garbage-first heap   total 349184K, used 152875K [0x0000000701a00000, 0x0000000800000000)
  region size 1024K, 3 young (3072K), 1 survivors (1024K)
 Metaspace       used 42847K, capacity 44074K, committed 44156K, reserved 1087488K
  class space    used 4755K, capacity 5321K, committed 5376K, reserved 1048576K
}
Event: 163.271 GC heap after
{Heap after GC invocations=281 (full 0):
 garbage-first heap   total 349184K, used 84277K [0x0000000701a00000, 0x0000000800000000)
  region size 1024K, 1 young (1024K), 1 survivors (1024K)
 Metaspace       used 42847K, capacity 44074K, committed 44156K, reserved 1087488K
  class space    used 4755K, capacity 5321K, committed 5376K, reserved 1048576K
}
Event: 166.610 GC heap before
{Heap before GC invocations=282 (full 0):
 garbage-first heap   total 349184K, used 153909K [0x0000000701a00000, 0x0000000800000000)
  region size 1024K, 4 young (4096K), 1 survivors (1024K)
 Metaspace       used 42853K, capacity 44074K, committed 44156K, reserved 1087488K
  class space    used 4755K, capacity 5321K, committed 5376K, reserved 1048576K
}
Event: 166.612 GC heap after
{Heap after GC invocations=283 (full 0):
 garbage-first heap   total 349184K, used 84290K [0x0000000701a00000, 0x0000000800000000)
  region size 1024K, 1 young (1024K), 1 survivors (1024K)
 Metaspace       used 42853K, capacity 44074K, committed 44156K, reserved 1087488K
  class space    used 4755K, capacity 5321K, committed 5376K, reserved 1048576K
}

