# JRE version: Java(TM) SE Runtime Environment 18.9 (11.0.18+9) (build 11.0.18+9-LTS-195)
# Java VM: Java HotSpot(TM) 64-Bit Server VM 18.9 (11.0.18+9-LTS-195, mixed mode, tiered, compressed oops, g1 gc, windows-amd64)
Heap:
 garbage-first heap   total 378880K, used 143307K [0x0000000701a00000, 0x0000000800000000)
  region size 1024K, 3 young (3072K), 1 survivors (1024K)
 Metaspace       used 48278K, capacity 49723K, committed 49788K, reserved 1093632K
  class space    used 5448K, capacity 6058K, committed 6092K, reserved 1048576K
GC Heap History (10 events):
Event: 123.121 GC heap before
{Heap before GC invocations=172 (full 0):
 garbage-first heap   total 378880K, used 166827K [0x0000000701a00000, 0x0000000800000000)
  region size 1024K, 2 young (2048K), 1 survivors (1024K)
 Metaspace       used 48229K, capacity 49720K, committed 49788K, reserved 1093632K
  class space    used 5447K, capacity 6057K, committed 6092K, reserved 1048576K
}
Event: 123.122 GC heap after
{Heap after GC invocations=173 (full 0):
 garbage-first heap   total 378880K, used 84919K [0x0000000701a00000, 0x0000000800000000)
  region size 1024K, 1 young (1024K), 1 survivors (1024K)
 Metaspace       used 48229K, capacity 49720K, committed 49788K, reserved 1093632K
  class space    used 5447K, capacity 6057K, committed 6092K, reserved 1048576K
}
Event: 123.625 GC heap before
{Heap before GC invocations=174 (full 0):
 garbage-first heap   total 378880K, used 165815K [0x0000000701a00000, 0x0000000800000000)
  region size 1024K, 3 young (3072K), 1 survivors (1024K)
 Metaspace       used 48233K, capacity 49720K, committed 49788K, reserved 1093632K
  class space    used 5447K, capacity 6057K, committed 6092K, reserved 1048576K
}
Event: 123.627 GC heap after
{Heap after GC invocations=175 (full 0):
 garbage-first heap   total 378880K, used 113599K [0x0000000701a00000, 0x0000000800000000)
  region size 1024K, 1 young (1024K), 1 survivors (1024K)
 Metaspace       used 48233K, capacity 49720K, committed 49788K, reserved 1093632K
  class space    used 5447K, capacity 6057K, committed 6092K, reserved 1048576K
}
Event: 123.828 GC heap before
{Heap before GC invocations=176 (full 0):
 garbage-first heap   total 378880K, used 165823K [0x0000000701a00000, 0x0000000800000000)
  region size 1024K, 3 young (3072K), 1 survivors (1024K)
 Metaspace       used 48237K, capacity 49720K, committed 49788K, reserved 1093632K
  class space    used 5447K, capacity 6057K, committed 6092K, reserved 1048576K
}
Event: 123.829 GC heap after
{Heap after GC invocations=177 (full 0):
 garbage-first heap   total 378880K, used 99264K [0x0000000701a00000, 0x0000000800000000)
  region size 1024K, 1 young (1024K), 1 survivors (1024K)
 Metaspace       used 48237K, capacity 49720K, committed 49788K, reserved 1093632K
  class space    used 5447K, capacity 6057K, committed 6092K, reserved 1048576K
}
Event: 124.120 GC heap before
{Heap before GC invocations=178 (full 0):
 garbage-first heap   total 378880K, used 163776K [0x0000000701a00000, 0x0000000800000000)
  region size 1024K, 3 young (3072K), 1 survivors (1024K)
 Metaspace       used 48244K, capacity 49720K, committed 49788K, reserved 1093632K
  class space    used 5447K, capacity 6057K, committed 6092K, reserved 1048576K
}
Event: 124.122 GC heap after
{Heap after GC invocations=179 (full 0):
 garbage-first heap   total 378880K, used 105419K [0x0000000701a00000, 0x0000000800000000)
  region size 1024K, 1 young (1024K), 1 survivors (1024K)
 Metaspace       used 48244K, capacity 49720K, committed 49788K, reserved 1093632K
  class space    used 5447K, capacity 6057K, committed 6092K, reserved 1048576K
}
Event: 124.362 GC heap before
{Heap before GC invocations=180 (full 0):
 garbage-first heap   total 378880K, used 165835K [0x0000000701a00000, 0x0000000800000000)
  region size 1024K, 3 young (3072K), 1 survivors (1024K)
 Metaspace       used 48271K, capacity 49720K, committed 49788K, reserved 1093632K
  class space    used 5447K, capacity 6057K, committed 6092K, reserved 1048576K
}
Event: 124.363 GC heap after
{Heap after GC invocations=181 (full 0):
 garbage-first heap   total 378880K, used 99275K [0x0000000701a00000, 0x0000000800000000)
  region size 1024K, 1 young (1024K), 1 survivors (1024K)
 Metaspace       used 48271K, capacity 49720K, committed 49788K, reserved 1093632K
  class space    used 5447K, capacity 6057K, committed 6092K, reserved 1048576K
}

