# JRE version: Java(TM) SE Runtime Environment 18.9 (11.0.18+9) (build 11.0.18+9-LTS-195)
# Java VM: Java HotSpot(TM) 64-Bit Server VM 18.9 (11.0.18+9-LTS-195, mixed mode, tiered, compressed oops, g1 gc, windows-amd64)
Heap:
 garbage-first heap   total 315392K, used 98799K [0x0000000701a00000, 0x0000000800000000)
  region size 1024K, 3 young (3072K), 1 survivors (1024K)
 Metaspace       used 49342K, capacity 50909K, committed 51068K, reserved 1093632K
  class space    used 5582K, capacity 6265K, committed 6348K, reserved 1048576K
GC Heap History (10 events):
Event: 288.696 GC heap before
{Heap before GC invocations=80 (full 0):
 garbage-first heap   total 315392K, used 146964K [0x0000000701a00000, 0x0000000800000000)
  region size 1024K, 13 young (13312K), 1 survivors (1024K)
 Metaspace       used 49330K, capacity 50900K, committed 51068K, reserved 1093632K
  class space    used 5580K, capacity 6262K, committed 6348K, reserved 1048576K
}
Event: 288.698 GC heap after
{Heap after GC invocations=81 (full 0):
 garbage-first heap   total 315392K, used 81330K [0x0000000701a00000, 0x0000000800000000)
  region size 1024K, 1 young (1024K), 1 survivors (1024K)
 Metaspace       used 49330K, capacity 50900K, committed 51068K, reserved 1093632K
  class space    used 5580K, capacity 6262K, committed 6348K, reserved 1048576K
}
Event: 289.724 GC heap before
{Heap before GC invocations=82 (full 0):
 garbage-first heap   total 315392K, used 142770K [0x0000000701a00000, 0x0000000800000000)
  region size 1024K, 5 young (5120K), 1 survivors (1024K)
 Metaspace       used 49335K, capacity 50900K, committed 51068K, reserved 1093632K
  class space    used 5580K, capacity 6262K, committed 6348K, reserved 1048576K
}
Event: 289.725 GC heap after
{Heap after GC invocations=83 (full 0):
 garbage-first heap   total 315392K, used 95676K [0x0000000701a00000, 0x0000000800000000)
  region size 1024K, 1 young (1024K), 1 survivors (1024K)
 Metaspace       used 49335K, capacity 50900K, committed 51068K, reserved 1093632K
  class space    used 5580K, capacity 6262K, committed 6348K, reserved 1048576K
}
Event: 290.717 GC heap before
{Heap before GC invocations=84 (full 0):
 garbage-first heap   total 315392K, used 141756K [0x0000000701a00000, 0x0000000800000000)
  region size 1024K, 3 young (3072K), 1 survivors (1024K)
 Metaspace       used 49335K, capacity 50900K, committed 51068K, reserved 1093632K
  class space    used 5580K, capacity 6262K, committed 6348K, reserved 1048576K
}
Event: 290.718 GC heap after
{Heap after GC invocations=85 (full 0):
 garbage-first heap   total 315392K, used 89528K [0x0000000701a00000, 0x0000000800000000)
  region size 1024K, 1 young (1024K), 1 survivors (1024K)
 Metaspace       used 49335K, capacity 50900K, committed 51068K, reserved 1093632K
  class space    used 5580K, capacity 6262K, committed 6348K, reserved 1048576K
}
Event: 291.734 GC heap before
{Heap before GC invocations=86 (full 0):
 garbage-first heap   total 315392K, used 135608K [0x0000000701a00000, 0x0000000800000000)
  region size 1024K, 3 young (3072K), 1 survivors (1024K)
 Metaspace       used 49342K, capacity 50909K, committed 51068K, reserved 1093632K
  class space    used 5582K, capacity 6265K, committed 6348K, reserved 1048576K
}
Event: 291.735 GC heap after
{Heap after GC invocations=87 (full 0):
 garbage-first heap   total 315392K, used 89580K [0x0000000701a00000, 0x0000000800000000)
  region size 1024K, 1 young (1024K), 1 survivors (1024K)
 Metaspace       used 49342K, capacity 50909K, committed 51068K, reserved 1093632K
  class space    used 5582K, capacity 6265K, committed 6348K, reserved 1048576K
}
Event: 292.733 GC heap before
{Heap before GC invocations=88 (full 0):
 garbage-first heap   total 315392K, used 135660K [0x0000000701a00000, 0x0000000800000000)
  region size 1024K, 3 young (3072K), 1 survivors (1024K)
 Metaspace       used 49342K, capacity 50909K, committed 51068K, reserved 1093632K
  class space    used 5582K, capacity 6265K, committed 6348K, reserved 1048576K
}
Event: 292.735 GC heap after
{Heap after GC invocations=89 (full 0):
 garbage-first heap   total 315392K, used 89585K [0x0000000701a00000, 0x0000000800000000)
  region size 1024K, 1 young (1024K), 1 survivors (1024K)
 Metaspace       used 49342K, capacity 50909K, committed 51068K, reserved 1093632K
  class space    used 5582K, capacity 6265K, committed 6348K, reserved 1048576K
}

