# JRE version: Java(TM) SE Runtime Environment 18.9 (11.0.18+9) (build 11.0.18+9-LTS-195)
# Java VM: Java HotSpot(TM) 64-Bit Server VM 18.9 (11.0.18+9-LTS-195, mixed mode, tiered, compressed oops, g1 gc, windows-amd64)
Heap:
 garbage-first heap   total 262144K, used 113749K [0x0000000701a00000, 0x0000000800000000)
  region size 1024K, 3 young (3072K), 1 survivors (1024K)
 Metaspace       used 39392K, capacity 40778K, committed 40912K, reserved 1085440K
  class space    used 4779K, capacity 5356K, committed 5460K, reserved 1048576K
GC Heap History (10 events):
Event: 79.211 GC heap before
{Heap before GC invocations=199 (full 0):
 garbage-first heap   total 262144K, used 113728K [0x0000000701a00000, 0x0000000800000000)
  region size 1024K, 3 young (3072K), 1 survivors (1024K)
 Metaspace       used 39386K, capacity 40777K, committed 40912K, reserved 1085440K
  class space    used 4779K, capacity 5356K, committed 5460K, reserved 1048576K
}
Event: 79.213 GC heap after
{Heap after GC invocations=200 (full 0):
 garbage-first heap   total 262144K, used 98370K [0x0000000701a00000, 0x0000000800000000)
  region size 1024K, 1 young (1024K), 1 survivors (1024K)
 Metaspace       used 39386K, capacity 40777K, committed 40912K, reserved 1085440K
  class space    used 4779K, capacity 5356K, committed 5460K, reserved 1048576K
}
Event: 79.260 GC heap before
{Heap before GC invocations=201 (full 0):
 garbage-first heap   total 262144K, used 112706K [0x0000000701a00000, 0x0000000800000000)
  region size 1024K, 2 young (2048K), 1 survivors (1024K)
 Metaspace       used 39386K, capacity 40777K, committed 40912K, reserved 1085440K
  class space    used 4779K, capacity 5356K, committed 5460K, reserved 1048576K
}
Event: 79.261 GC heap after
{Heap after GC invocations=202 (full 0):
 garbage-first heap   total 262144K, used 41026K [0x0000000701a00000, 0x0000000800000000)
  region size 1024K, 1 young (1024K), 1 survivors (1024K)
 Metaspace       used 39386K, capacity 40777K, committed 40912K, reserved 1085440K
  class space    used 4779K, capacity 5356K, committed 5460K, reserved 1048576K
}
Event: 79.487 GC heap before
{Heap before GC invocations=203 (full 0):
 garbage-first heap   total 262144K, used 113730K [0x0000000701a00000, 0x0000000800000000)
  region size 1024K, 3 young (3072K), 1 survivors (1024K)
 Metaspace       used 39387K, capacity 40777K, committed 40912K, reserved 1085440K
  class space    used 4779K, capacity 5356K, committed 5460K, reserved 1048576K
}
Event: 79.488 GC heap after
{Heap after GC invocations=204 (full 0):
 garbage-first heap   total 262144K, used 98372K [0x0000000701a00000, 0x0000000800000000)
  region size 1024K, 1 young (1024K), 1 survivors (1024K)
 Metaspace       used 39387K, capacity 40777K, committed 40912K, reserved 1085440K
  class space    used 4779K, capacity 5356K, committed 5460K, reserved 1048576K
}
Event: 79.537 GC heap before
{Heap before GC invocations=205 (full 0):
 garbage-first heap   total 262144K, used 112708K [0x0000000701a00000, 0x0000000800000000)
  region size 1024K, 2 young (2048K), 1 survivors (1024K)
 Metaspace       used 39387K, capacity 40777K, committed 40912K, reserved 1085440K
  class space    used 4779K, capacity 5356K, committed 5460K, reserved 1048576K
}
Event: 79.538 GC heap after
{Heap after GC invocations=206 (full 0):
 garbage-first heap   total 262144K, used 41031K [0x0000000701a00000, 0x0000000800000000)
  region size 1024K, 1 young (1024K), 1 survivors (1024K)
 Metaspace       used 39387K, capacity 40777K, committed 40912K, reserved 1085440K
  class space    used 4779K, capacity 5356K, committed 5460K, reserved 1048576K
}
Event: 79.774 GC heap before
{Heap before GC invocations=207 (full 0):
 garbage-first heap   total 262144K, used 114759K [0x0000000701a00000, 0x0000000800000000)
  region size 1024K, 4 young (4096K), 1 survivors (1024K)
 Metaspace       used 39390K, capacity 40778K, committed 40912K, reserved 1085440K
  class space    used 4779K, capacity 5356K, committed 5460K, reserved 1048576K
}
Event: 79.775 GC heap after
{Heap after GC invocations=208 (full 0):
 garbage-first heap   total 262144K, used 98389K [0x0000000701a00000, 0x0000000800000000)
  region size 1024K, 1 young (1024K), 1 survivors (1024K)
 Metaspace       used 39390K, capacity 40778K, committed 40912K, reserved 1085440K
  class space    used 4779K, capacity 5356K, committed 5460K, reserved 1048576K
}

